<?xml version="1.0" encoding="UTF-8"?>
<testng-results ignored="0" total="1" passed="1" failed="0" skipped="0">
  <reporter-output>
  </reporter-output>
  <suite started-at="2025-07-08T07:49:35 IST" name="Default suite" finished-at="2025-07-08T07:49:45 IST" duration-ms="9966">
    <groups>
    </groups>
    <test started-at="2025-07-08T07:49:35 IST" name="Default test" finished-at="2025-07-08T07:49:45 IST" duration-ms="9966">
      <class name="Simpletest">
        <test-method signature="simple_Test()[pri:0, instance:Simpletest@42e99e4a]" started-at="2025-07-08T07:49:36 IST" name="simple_Test" finished-at="2025-07-08T07:49:45 IST" duration-ms="9869" status="PASS">
          <reporter-output>
          </reporter-output>
        </test-method> <!-- simple_Test -->
      </class> <!-- Simpletest -->
    </test> <!-- Default test -->
  </suite> <!-- Default suite -->
</testng-results>
